<?xml version="1.0" encoding="UTF-8"?>
<!-- Generated by org.testng.reporters.JUnitXMLReporter -->
<testsuite hostname="DESKTOP-4L2N03T" name="Test" tests="3" failures="0" timestamp="24 Feb 2020 19:23:48 GMT" time="13.221" errors="0">
  <testcase name="@BeforeTest initialize" time="0.0" classname="com.webcentral.test.automation.webcentraldata.BCBSMPage">
    <failure type="org.openqa.selenium.SessionNotCreatedException" message="session not created: This version of ChromeDriver only supports Chrome version 77
Build info: version: &amp;apos;3.13.0&amp;apos;, revision: &amp;apos;2f0d292&amp;apos;, time: &amp;apos;2018-06-25T15:32:14.902Z&amp;apos;
System info: host: &amp;apos;DESKTOP-4L2N03T&amp;apos;, ip: &amp;apos;192.168.0.16&amp;apos;, os.name: &amp;apos;Windows 10&amp;apos;, os.arch: &amp;apos;amd64&amp;apos;, os.version: &amp;apos;10.0&amp;apos;, java.version: &amp;apos;1.8.0_171&amp;apos;
Driver info: driver.version: ChromeDriver
remote stacktrace: Backtrace:
	Ordinal0 [0x0017EB13+1501971]
	Ordinal0 [0x000FF6D1+980689]
	Ordinal0 [0x0008765F+489055]
	Ordinal0 [0x0001F2F4+62196]
	Ordinal0 [0x0001BCDA+48346]
	Ordinal0 [0x00039800+169984]
	Ordinal0 [0x0003942D+169005]
	Ordinal0 [0x000378EB+162027]
	Ordinal0 [0x00020AC7+68295]
	Ordinal0 [0x00021B40+72512]
	Ordinal0 [0x00021AD9+72409]
	Ordinal0 [0x00118F37+1085239]
	GetHandleVerifier [0x0021D7ED+503293]
	GetHandleVerifier [0x0021D580+502672]
	GetHandleVerifier [0x002246AC+531644]
	GetHandleVerifier [0x0021DFFA+505354]
	Ordinal0 [0x00110606+1050118]
	Ordinal0 [0x0011047F+1049727]
	Ordinal0 [0x0011AF9B+1093531]
	Ordinal0 [0x0011B103+1093891]
	Ordinal0 [0x0011A095+1089685]
	BaseThreadInitThunk [0x75216359+25]
	RtlGetAppContainerNamedObjectPath [0x775E7B74+228]
	RtlGetAppContainerNamedObjectPath [0x775E7B44+180]
	(No symbol) [0x00000000]
">
      <![CDATA[org.openqa.selenium.SessionNotCreatedException: session not created: This version of ChromeDriver only supports Chrome version 77
Build info: version: '3.13.0', revision: '2f0d292', time: '2018-06-25T15:32:14.902Z'
System info: host: 'DESKTOP-4L2N03T', ip: '192.168.0.16', os.name: 'Windows 10', os.arch: 'amd64', os.version: '10.0', java.version: '1.8.0_171'
Driver info: driver.version: ChromeDriver
remote stacktrace: Backtrace:
	Ordinal0 [0x0017EB13+1501971]
	Ordinal0 [0x000FF6D1+980689]
	Ordinal0 [0x0008765F+489055]
	Ordinal0 [0x0001F2F4+62196]
	Ordinal0 [0x0001BCDA+48346]
	Ordinal0 [0x00039800+169984]
	Ordinal0 [0x0003942D+169005]
	Ordinal0 [0x000378EB+162027]
	Ordinal0 [0x00020AC7+68295]
	Ordinal0 [0x00021B40+72512]
	Ordinal0 [0x00021AD9+72409]
	Ordinal0 [0x00118F37+1085239]
	GetHandleVerifier [0x0021D7ED+503293]
	GetHandleVerifier [0x0021D580+502672]
	GetHandleVerifier [0x002246AC+531644]
	GetHandleVerifier [0x0021DFFA+505354]
	Ordinal0 [0x00110606+1050118]
	Ordinal0 [0x0011047F+1049727]
	Ordinal0 [0x0011AF9B+1093531]
	Ordinal0 [0x0011B103+1093891]
	Ordinal0 [0x0011A095+1089685]
	BaseThreadInitThunk [0x75216359+25]
	RtlGetAppContainerNamedObjectPath [0x775E7B74+228]
	RtlGetAppContainerNamedObjectPath [0x775E7B44+180]
	(No symbol) [0x00000000]

	at org.openqa.selenium.remote.W3CHandshakeResponse.lambda$new$0(W3CHandshakeResponse.java:57)
	at org.openqa.selenium.remote.W3CHandshakeResponse.lambda$getResponseFunction$2(W3CHandshakeResponse.java:104)
	at org.openqa.selenium.remote.ProtocolHandshake.lambda$createSession$0(ProtocolHandshake.java:123)
	at java.util.stream.ReferencePipeline$3$1.accept(ReferencePipeline.java:193)
	at java.util.Spliterators$ArraySpliterator.tryAdvance(Spliterators.java:958)
	at java.util.stream.ReferencePipeline.forEachWithCancel(ReferencePipeline.java:126)
	at java.util.stream.AbstractPipeline.copyIntoWithCancel(AbstractPipeline.java:498)
	at java.util.stream.AbstractPipeline.copyInto(AbstractPipeline.java:485)
	at java.util.stream.AbstractPipeline.wrapAndCopyInto(AbstractPipeline.java:471)
	at java.util.stream.FindOps$FindOp.evaluateSequential(FindOps.java:152)
	at java.util.stream.AbstractPipeline.evaluate(AbstractPipeline.java:234)
	at java.util.stream.ReferencePipeline.findFirst(ReferencePipeline.java:464)
	at org.openqa.selenium.remote.ProtocolHandshake.createSession(ProtocolHandshake.java:126)
	at org.openqa.selenium.remote.ProtocolHandshake.createSession(ProtocolHandshake.java:73)
	at org.openqa.selenium.remote.HttpCommandExecutor.execute(HttpCommandExecutor.java:136)
	at org.openqa.selenium.remote.service.DriverCommandExecutor.execute(DriverCommandExecutor.java:83)
	at org.openqa.selenium.remote.RemoteWebDriver.execute(RemoteWebDriver.java:548)
	at org.openqa.selenium.remote.RemoteWebDriver.startSession(RemoteWebDriver.java:212)
	at org.openqa.selenium.remote.RemoteWebDriver.<init>(RemoteWebDriver.java:130)
	at org.openqa.selenium.chrome.ChromeDriver.<init>(ChromeDriver.java:181)
	at org.openqa.selenium.chrome.ChromeDriver.<init>(ChromeDriver.java:168)
	at org.openqa.selenium.chrome.ChromeDriver.<init>(ChromeDriver.java:123)
	at com.webcentral.test.automation.Testbase.BaseTest.initialize(BaseTest.java:120)
... Removed 26 stack frames]]>
    </failure>
  </testcase> <!-- @BeforeTest initialize -->
  <testcase name="@BeforeClass xls" time="0.0" classname="com.webcentral.test.automation.webcentraldata.BCBSMPage">
    <skipped/>
  </testcase> <!-- @BeforeClass xls -->
  <testcase name="Bcbsm_1" time="0.0" classname="com.webcentral.test.automation.webcentraldata.BCBSMPage">
    <skipped/>
  </testcase> <!-- Bcbsm_1 -->
  <testcase name="Bcbsm_2" time="0.0" classname="com.webcentral.test.automation.webcentraldata.BCBSMPage">
    <skipped/>
  </testcase> <!-- Bcbsm_2 -->
  <testcase name="Bcbsm_3" time="0.0" classname="com.webcentral.test.automation.webcentraldata.BCBSMPage">
    <skipped/>
  </testcase> <!-- Bcbsm_3 -->
</testsuite> <!-- Test -->
